2015/09/03 23:00:43 [error] [exception.CException] exception 'CException' with message 'Не определено свойство "UserModel.user_id".' in C:\OpenServer\domains\pravoved\framework\base\CComponent.php:130
Stack trace:
#0 C:\OpenServer\domains\pravoved\framework\db\ar\CActiveRecord.php(145): CComponent->__get('user_id')
#1 C:\OpenServer\domains\pravoved\framework\db\ar\CActiveFinder.php(661): CActiveRecord->__get('user_id')
#2 C:\OpenServer\domains\pravoved\framework\db\ar\CActiveFinder.php(502): CJoinElement->applyLazyCondition(Object(CJoinQuery), Object(UserModel))
#3 C:\OpenServer\domains\pravoved\framework\db\ar\CActiveFinder.php(163): CJoinElement->lazyFind(Object(UserModel))
#4 C:\OpenServer\domains\pravoved\framework\db\ar\CActiveRecord.php(281): CActiveFinder->lazyFind(Object(UserModel))
#5 C:\OpenServer\domains\pravoved\framework\db\ar\CActiveRecord.php(143): CActiveRecord->getRelated('info')
#6 C:\OpenServer\domains\pravoved\protected\components\UserIdentity.php(28): CActiveRecord->__get('info')
#7 C:\OpenServer\domains\pravoved\protected\models\UserForm.php(46): UserIdentity->authenticate()
#8 C:\OpenServer\domains\pravoved\protected\controllers\AccessController.php(71): UserForm->login()
#9 C:\OpenServer\domains\pravoved\framework\web\actions\CInlineAction.php(49): AccessController->actionLogin()
#10 C:\OpenServer\domains\pravoved\framework\web\CController.php(308): CInlineAction->runWithParams(Array)
#11 C:\OpenServer\domains\pravoved\framework\web\CController.php(286): CController->runAction(Object(CInlineAction))
#12 C:\OpenServer\domains\pravoved\framework\web\CController.php(265): CController->runActionWithFilters(Object(CInlineAction), Array)
#13 C:\OpenServer\domains\pravoved\framework\web\CWebApplication.php(282): CController->run('login')
#14 C:\OpenServer\domains\pravoved\framework\web\CWebApplication.php(141): CWebApplication->runController('access/login')
#15 C:\OpenServer\domains\pravoved\framework\base\CApplication.php(184): CWebApplication->processRequest()
#16 C:\OpenServer\domains\pravoved\index.php(11): CApplication->run()
#17 {main}
REQUEST_URI=/index.php/access/login/
HTTP_REFERER=http://pravoved/index.php/access/login/
---
2015/09/03 23:01:12 [error] [exception.CException] exception 'CException' with message 'Не определено свойство "UserModel.user_id".' in C:\OpenServer\domains\pravoved\framework\base\CComponent.php:130
Stack trace:
#0 C:\OpenServer\domains\pravoved\framework\db\ar\CActiveRecord.php(145): CComponent->__get('user_id')
#1 C:\OpenServer\domains\pravoved\framework\db\ar\CActiveFinder.php(661): CActiveRecord->__get('user_id')
#2 C:\OpenServer\domains\pravoved\framework\db\ar\CActiveFinder.php(502): CJoinElement->applyLazyCondition(Object(CJoinQuery), Object(UserModel))
#3 C:\OpenServer\domains\pravoved\framework\db\ar\CActiveFinder.php(163): CJoinElement->lazyFind(Object(UserModel))
#4 C:\OpenServer\domains\pravoved\framework\db\ar\CActiveRecord.php(281): CActiveFinder->lazyFind(Object(UserModel))
#5 C:\OpenServer\domains\pravoved\framework\db\ar\CActiveRecord.php(143): CActiveRecord->getRelated('info')
#6 C:\OpenServer\domains\pravoved\protected\components\UserIdentity.php(28): CActiveRecord->__get('info')
#7 C:\OpenServer\domains\pravoved\protected\models\UserForm.php(46): UserIdentity->authenticate()
#8 C:\OpenServer\domains\pravoved\protected\controllers\AccessController.php(71): UserForm->login()
#9 C:\OpenServer\domains\pravoved\framework\web\actions\CInlineAction.php(49): AccessController->actionLogin()
#10 C:\OpenServer\domains\pravoved\framework\web\CController.php(308): CInlineAction->runWithParams(Array)
#11 C:\OpenServer\domains\pravoved\framework\web\CController.php(286): CController->runAction(Object(CInlineAction))
#12 C:\OpenServer\domains\pravoved\framework\web\CController.php(265): CController->runActionWithFilters(Object(CInlineAction), Array)
#13 C:\OpenServer\domains\pravoved\framework\web\CWebApplication.php(282): CController->run('login')
#14 C:\OpenServer\domains\pravoved\framework\web\CWebApplication.php(141): CWebApplication->runController('access/login')
#15 C:\OpenServer\domains\pravoved\framework\base\CApplication.php(184): CWebApplication->processRequest()
#16 C:\OpenServer\domains\pravoved\index.php(11): CApplication->run()
#17 {main}
REQUEST_URI=/index.php/access/login/
HTTP_REFERER=http://pravoved/index.php/access/login/
---
2015/09/03 23:01:59 [error] [exception.CException] exception 'CException' with message 'Не определено свойство "UserModel.user_id".' in C:\OpenServer\domains\pravoved\framework\base\CComponent.php:130
Stack trace:
#0 C:\OpenServer\domains\pravoved\framework\db\ar\CActiveRecord.php(145): CComponent->__get('user_id')
#1 C:\OpenServer\domains\pravoved\framework\db\ar\CActiveFinder.php(661): CActiveRecord->__get('user_id')
#2 C:\OpenServer\domains\pravoved\framework\db\ar\CActiveFinder.php(502): CJoinElement->applyLazyCondition(Object(CJoinQuery), Object(UserModel))
#3 C:\OpenServer\domains\pravoved\framework\db\ar\CActiveFinder.php(163): CJoinElement->lazyFind(Object(UserModel))
#4 C:\OpenServer\domains\pravoved\framework\db\ar\CActiveRecord.php(281): CActiveFinder->lazyFind(Object(UserModel))
#5 C:\OpenServer\domains\pravoved\framework\db\ar\CActiveRecord.php(143): CActiveRecord->getRelated('info')
#6 C:\OpenServer\domains\pravoved\protected\components\UserIdentity.php(28): CActiveRecord->__get('info')
#7 C:\OpenServer\domains\pravoved\protected\models\UserForm.php(46): UserIdentity->authenticate()
#8 C:\OpenServer\domains\pravoved\protected\controllers\AccessController.php(71): UserForm->login()
#9 C:\OpenServer\domains\pravoved\framework\web\actions\CInlineAction.php(49): AccessController->actionLogin()
#10 C:\OpenServer\domains\pravoved\framework\web\CController.php(308): CInlineAction->runWithParams(Array)
#11 C:\OpenServer\domains\pravoved\framework\web\CController.php(286): CController->runAction(Object(CInlineAction))
#12 C:\OpenServer\domains\pravoved\framework\web\CController.php(265): CController->runActionWithFilters(Object(CInlineAction), Array)
#13 C:\OpenServer\domains\pravoved\framework\web\CWebApplication.php(282): CController->run('login')
#14 C:\OpenServer\domains\pravoved\framework\web\CWebApplication.php(141): CWebApplication->runController('access/login')
#15 C:\OpenServer\domains\pravoved\framework\base\CApplication.php(184): CWebApplication->processRequest()
#16 C:\OpenServer\domains\pravoved\index.php(11): CApplication->run()
#17 {main}
REQUEST_URI=/index.php/access/login/
HTTP_REFERER=http://pravoved/index.php/access/login/
---
2015/09/03 23:08:18 [error] [exception.CException] exception 'CException' with message 'Не определено свойство "CWebUser.username".' in C:\OpenServer\domains\pravoved\framework\base\CComponent.php:130
Stack trace:
#0 C:\OpenServer\domains\pravoved\framework\web\auth\CWebUser.php(146): CComponent->__get('username')
#1 C:\OpenServer\domains\pravoved\protected\controllers\CabinetController.php(13): CWebUser->__get('username')
#2 C:\OpenServer\domains\pravoved\framework\web\actions\CInlineAction.php(49): CabinetController->actionIndex()
#3 C:\OpenServer\domains\pravoved\framework\web\CController.php(308): CInlineAction->runWithParams(Array)
#4 C:\OpenServer\domains\pravoved\framework\web\CController.php(286): CController->runAction(Object(CInlineAction))
#5 C:\OpenServer\domains\pravoved\framework\web\CController.php(265): CController->runActionWithFilters(Object(CInlineAction), Array)
#6 C:\OpenServer\domains\pravoved\framework\web\CWebApplication.php(282): CController->run('')
#7 C:\OpenServer\domains\pravoved\framework\web\CWebApplication.php(141): CWebApplication->runController('cabinet')
#8 C:\OpenServer\domains\pravoved\framework\base\CApplication.php(184): CWebApplication->processRequest()
#9 C:\OpenServer\domains\pravoved\index.php(11): CApplication->run()
#10 {main}
REQUEST_URI=/index.php/cabinet
HTTP_REFERER=http://pravoved/index.php/access/login/
---
2015/09/03 23:08:21 [error] [exception.CException] exception 'CException' with message 'Не определено свойство "CWebUser.username".' in C:\OpenServer\domains\pravoved\framework\base\CComponent.php:130
Stack trace:
#0 C:\OpenServer\domains\pravoved\framework\web\auth\CWebUser.php(146): CComponent->__get('username')
#1 C:\OpenServer\domains\pravoved\protected\controllers\CabinetController.php(13): CWebUser->__get('username')
#2 C:\OpenServer\domains\pravoved\framework\web\actions\CInlineAction.php(49): CabinetController->actionIndex()
#3 C:\OpenServer\domains\pravoved\framework\web\CController.php(308): CInlineAction->runWithParams(Array)
#4 C:\OpenServer\domains\pravoved\framework\web\CController.php(286): CController->runAction(Object(CInlineAction))
#5 C:\OpenServer\domains\pravoved\framework\web\CController.php(265): CController->runActionWithFilters(Object(CInlineAction), Array)
#6 C:\OpenServer\domains\pravoved\framework\web\CWebApplication.php(282): CController->run('')
#7 C:\OpenServer\domains\pravoved\framework\web\CWebApplication.php(141): CWebApplication->runController('cabinet')
#8 C:\OpenServer\domains\pravoved\framework\base\CApplication.php(184): CWebApplication->processRequest()
#9 C:\OpenServer\domains\pravoved\index.php(11): CApplication->run()
#10 {main}
REQUEST_URI=/index.php/cabinet
HTTP_REFERER=http://pravoved/index.php/access/login/
---
2015/09/03 23:08:49 [error] [exception.CException] exception 'CException' with message 'Не определено свойство "CWebUser.username".' in C:\OpenServer\domains\pravoved\framework\base\CComponent.php:130
Stack trace:
#0 C:\OpenServer\domains\pravoved\framework\web\auth\CWebUser.php(146): CComponent->__get('username')
#1 C:\OpenServer\domains\pravoved\protected\controllers\CabinetController.php(13): CWebUser->__get('username')
#2 C:\OpenServer\domains\pravoved\framework\web\actions\CInlineAction.php(49): CabinetController->actionIndex()
#3 C:\OpenServer\domains\pravoved\framework\web\CController.php(308): CInlineAction->runWithParams(Array)
#4 C:\OpenServer\domains\pravoved\framework\web\CController.php(286): CController->runAction(Object(CInlineAction))
#5 C:\OpenServer\domains\pravoved\framework\web\CController.php(265): CController->runActionWithFilters(Object(CInlineAction), Array)
#6 C:\OpenServer\domains\pravoved\framework\web\CWebApplication.php(282): CController->run('')
#7 C:\OpenServer\domains\pravoved\framework\web\CWebApplication.php(141): CWebApplication->runController('cabinet')
#8 C:\OpenServer\domains\pravoved\framework\base\CApplication.php(184): CWebApplication->processRequest()
#9 C:\OpenServer\domains\pravoved\index.php(11): CApplication->run()
#10 {main}
REQUEST_URI=/index.php/cabinet
HTTP_REFERER=http://pravoved/index.php/access/login/
---
2015/09/03 23:08:50 [error] [exception.CException] exception 'CException' with message 'Не определено свойство "CWebUser.username".' in C:\OpenServer\domains\pravoved\framework\base\CComponent.php:130
Stack trace:
#0 C:\OpenServer\domains\pravoved\framework\web\auth\CWebUser.php(146): CComponent->__get('username')
#1 C:\OpenServer\domains\pravoved\protected\controllers\CabinetController.php(13): CWebUser->__get('username')
#2 C:\OpenServer\domains\pravoved\framework\web\actions\CInlineAction.php(49): CabinetController->actionIndex()
#3 C:\OpenServer\domains\pravoved\framework\web\CController.php(308): CInlineAction->runWithParams(Array)
#4 C:\OpenServer\domains\pravoved\framework\web\CController.php(286): CController->runAction(Object(CInlineAction))
#5 C:\OpenServer\domains\pravoved\framework\web\CController.php(265): CController->runActionWithFilters(Object(CInlineAction), Array)
#6 C:\OpenServer\domains\pravoved\framework\web\CWebApplication.php(282): CController->run('')
#7 C:\OpenServer\domains\pravoved\framework\web\CWebApplication.php(141): CWebApplication->runController('cabinet')
#8 C:\OpenServer\domains\pravoved\framework\base\CApplication.php(184): CWebApplication->processRequest()
#9 C:\OpenServer\domains\pravoved\index.php(11): CApplication->run()
#10 {main}
REQUEST_URI=/index.php/cabinet
HTTP_REFERER=http://pravoved/index.php/access/login/
---
2015/09/03 23:08:51 [error] [exception.CException] exception 'CException' with message 'Не определено свойство "CWebUser.username".' in C:\OpenServer\domains\pravoved\framework\base\CComponent.php:130
Stack trace:
#0 C:\OpenServer\domains\pravoved\framework\web\auth\CWebUser.php(146): CComponent->__get('username')
#1 C:\OpenServer\domains\pravoved\protected\controllers\CabinetController.php(13): CWebUser->__get('username')
#2 C:\OpenServer\domains\pravoved\framework\web\actions\CInlineAction.php(49): CabinetController->actionIndex()
#3 C:\OpenServer\domains\pravoved\framework\web\CController.php(308): CInlineAction->runWithParams(Array)
#4 C:\OpenServer\domains\pravoved\framework\web\CController.php(286): CController->runAction(Object(CInlineAction))
#5 C:\OpenServer\domains\pravoved\framework\web\CController.php(265): CController->runActionWithFilters(Object(CInlineAction), Array)
#6 C:\OpenServer\domains\pravoved\framework\web\CWebApplication.php(282): CController->run('')
#7 C:\OpenServer\domains\pravoved\framework\web\CWebApplication.php(141): CWebApplication->runController('cabinet')
#8 C:\OpenServer\domains\pravoved\framework\base\CApplication.php(184): CWebApplication->processRequest()
#9 C:\OpenServer\domains\pravoved\index.php(11): CApplication->run()
#10 {main}
REQUEST_URI=/index.php/cabinet
HTTP_REFERER=http://pravoved/index.php/access/login/
---
